0 info it worked if it ends with ok
1 verbose cli [ 'node',
1 verbose cli   '/Users/telemaco/Desarrollo/Node/Librerias/nvm/v0.10.30/bin/npm',
1 verbose cli   'start' ]
2 info using npm@2.11.2
3 info using node@v0.10.30
4 verbose run-script [ 'prestart', 'start', 'poststart' ]
5 info prestart notetaker-ractive@1.0.0
6 info start notetaker-ractive@1.0.0
7 verbose unsafe-perm in lifecycle true
8 info notetaker-ractive@1.0.0 Failed to exec start script
9 verbose stack Error: notetaker-ractive@1.0.0 start: `webpack -w & node_modules/node-static/bin/cli.js app`
9 verbose stack Exit status 8
9 verbose stack     at EventEmitter.<anonymous> (/Users/telemaco/Desarrollo/Node/Librerias/nvm/v0.10.30/lib/node_modules/npm/lib/utils/lifecycle.js:213:16)
9 verbose stack     at EventEmitter.emit (events.js:98:17)
9 verbose stack     at ChildProcess.<anonymous> (/Users/telemaco/Desarrollo/Node/Librerias/nvm/v0.10.30/lib/node_modules/npm/lib/utils/spawn.js:24:14)
9 verbose stack     at ChildProcess.emit (events.js:98:17)
9 verbose stack     at maybeClose (child_process.js:756:16)
9 verbose stack     at Process.ChildProcess._handle.onexit (child_process.js:823:5)
10 verbose pkgid notetaker-ractive@1.0.0
11 verbose cwd /Users/telemaco/Desarrollo/Javascript/Proyectos/notetaker-ractive
12 error Darwin 14.3.0
13 error argv "node" "/Users/telemaco/Desarrollo/Node/Librerias/nvm/v0.10.30/bin/npm" "start"
14 error node v0.10.30
15 error npm  v2.11.2
16 error code ELIFECYCLE
17 error notetaker-ractive@1.0.0 start: `webpack -w & node_modules/node-static/bin/cli.js app`
17 error Exit status 8
18 error Failed at the notetaker-ractive@1.0.0 start script 'webpack -w & node_modules/node-static/bin/cli.js app'.
18 error This is most likely a problem with the notetaker-ractive package,
18 error not with npm itself.
18 error Tell the author that this fails on your system:
18 error     webpack -w & node_modules/node-static/bin/cli.js app
18 error You can get their info via:
18 error     npm owner ls notetaker-ractive
18 error There is likely additional logging output above.
19 verbose exit [ 1, true ]
